proguard/seeds.txt
com.jezire.App
com.jezire.App: App()
com.jezire.R$anim: int animation_in_down
com.jezire.R$anim: int animation_in_fade
com.jezire.R$anim: int animation_in_up
com.jezire.R$anim: int animation_out_down
com.jezire.R$anim: int animation_out_fade
com.jezire.R$anim: int animation_out_up
com.jezire.R$anim: int animation_rotate
com.jezire.R$attr: int edgeSlide
com.jezire.R$attr: int edgeSlideWidth
com.jezire.R$attr: int interpolator
com.jezire.R$attr: int layout_role
com.jezire.R$attr: int primaryShadowDrawable
com.jezire.R$attr: int primaryShadowWidth
com.jezire.R$attr: int secondaryShadowDrawable
com.jezire.R$attr: int secondaryShadowWidth
com.jezire.R$attr: int slideDirection
com.jezire.R$attr: int slideMenuStyle
com.jezire.R$color: int list_item_background
com.jezire.R$color: int list_item_background_note
com.jezire.R$color: int list_item_background_note_pressed
com.jezire.R$color: int list_item_background_pressed
com.jezire.R$drawable: int avatar_background
com.jezire.R$drawable: int avatar_background_border
com.jezire.R$drawable: int ic_launcher
com.jezire.R$drawable: int icon_browser
com.jezire.R$drawable: int icon_loading_big
com.jezire.R$drawable: int icon_loading_small
com.jezire.R$drawable: int icon_news
com.jezire.R$drawable: int icon_note
com.jezire.R$drawable: int icon_scrollbar_thumb
com.jezire.R$drawable: int icon_video
com.jezire.R$drawable: int icon_xurjun
com.jezire.R$drawable: int image_splash
com.jezire.R$drawable: int link_icon_normal
com.jezire.R$drawable: int link_icon_top
com.jezire.R$drawable: int menu_left_logo
com.jezire.R$drawable: int style_news_list_item
com.jezire.R$drawable: int style_news_list_line
com.jezire.R$drawable: int style_note_list_item
com.jezire.R$drawable: int style_seekbar
com.jezire.R$drawable: int wechat_share_icon
com.jezire.R$drawable: int xlistview_arrow
com.jezire.R$id: int avatar
com.jezire.R$id: int backgroundColor1
com.jezire.R$id: int backgroundColor2
com.jezire.R$id: int browserControlLayout
com.jezire.R$id: int btnAdd
com.jezire.R$id: int btnBackward
com.jezire.R$id: int btnBrowser
com.jezire.R$id: int btnClose
com.jezire.R$id: int btnDelete
com.jezire.R$id: int btnFontBig
com.jezire.R$id: int btnFontColor1
com.jezire.R$id: int btnFontColor2
com.jezire.R$id: int btnFontColor3
com.jezire.R$id: int btnFontColor4
com.jezire.R$id: int btnFontColor5
com.jezire.R$id: int btnFontColor6
com.jezire.R$id: int btnFontSmall
com.jezire.R$id: int btnForward
com.jezire.R$id: int btnInfo
com.jezire.R$id: int btnMenu
com.jezire.R$id: int btnNews
com.jezire.R$id: int btnNext
com.jezire.R$id: int btnPlayPause
com.jezire.R$id: int btnPrev
com.jezire.R$id: int btnQisim
com.jezire.R$id: int btnRefreshOrStop
com.jezire.R$id: int btnRetry
com.jezire.R$id: int btnRight1
com.jezire.R$id: int btnRight2
com.jezire.R$id: int btnSave
com.jezire.R$id: int btnSetting
com.jezire.R$id: int btnShare
com.jezire.R$id: int btnShareToQQ
com.jezire.R$id: int btnShareToQzone
com.jezire.R$id: int btnShareToTimeline
com.jezire.R$id: int btnShareToWechat
com.jezire.R$id: int btnTabControl
com.jezire.R$id: int btnTeximuKopFilimler
com.jezire.R$id: int btnTeximuKopFilimlerParent
com.jezire.R$id: int btnTeximuKopXewerler
com.jezire.R$id: int btnTeximuKopXewerlerParent
com.jezire.R$id: int btnTheme
com.jezire.R$id: int btnUser
com.jezire.R$id: int btnVideo
...
android.support.v4.app.BackStackState
android.support.v4.app.BackStackState: android.os.Parcelable$Creator CREATOR
android.support.v4.app.Fragment$SavedState
android.support.v4.app.Fragment$SavedState: android.os.Parcelable$Creator CREATOR
android.support.v4.app.FragmentActivity: FragmentActivity()
android.support.v4.app.FragmentManagerState
android.support.v4.app.FragmentManagerState: android.os.Parcelable$Creator CREATOR
android.support.v4.app.FragmentState
android.support.v4.app.FragmentState: android.os.Parcelable$Creator CREATOR
android.support.v4.app.FragmentTabHost: void setOnTabChangedListener(android.widget.TabHost$OnTabChangeListener)
android.support.v4.app.FragmentTabHost$SavedState
android.support.v4.app.FragmentTabHost$SavedState: android.os.Parcelable$Creator CREATOR
android.support.v4.content.ModernAsyncTask$Status: android.support.v4.content.ModernAsyncTask$Status[] values()
android.support.v4.content.ModernAsyncTask$Status: android.support.v4.content.ModernAsyncTask$Status valueOf(java.lang.String)
android.support.v4.view.PagerTabStrip: void setTabIndicatorColor(int)
android.support.v4.view.PagerTabStrip: void setTabIndicatorColorResource(int)
android.support.v4.view.PagerTabStrip: int getTabIndicatorColor()
android.support.v4.view.PagerTabStrip: void setTextSpacing(int)
android.support.v4.view.PagerTabStrip: void setBackgroundDrawable(android.graphics.drawable.Drawable)
android.support.v4.view.PagerTabStrip: void setBackgroundColor(int)
android.support.v4.view.PagerTabStrip: void setBackgroundResource(int)
android.support.v4.view.PagerTabStrip: void setDrawFullUnderline(boolean)
android.support.v4.view.PagerTabStrip: boolean getDrawFullUnderline()
android.support.v4.view.PagerTabStrip: int getMinHeight()
android.support.v4.view.PagerTitleStrip: void setSingleLineAllCaps(android.widget.TextView)
android.support.v4.view.PagerTitleStrip: void setTextSpacing(int)
android.support.v4.view.PagerTitleStrip: int getTextSpacing()
android.support.v4.view.PagerTitleStrip: void setNonPrimaryAlpha(float)
android.support.v4.view.PagerTitleStrip: void setTextColor(int)
android.support.v4.view.PagerTitleStrip: void setGravity(int)
android.support.v4.view.PagerTitleStrip: int getMinHeight()
android.support.v4.view.ViewPager
android.support.v4.view.ViewPager: ViewPager(android.content.Context)
android.support.v4.view.ViewPager: ViewPager(android.content.Context,android.util.AttributeSet)
android.support.v4.view.ViewPager: void setScrollState(int)
android.support.v4.view.ViewPager: void setAdapter(android.support.v4.view.PagerAdapter)
android.support.v4.view.ViewPager: android.support.v4.view.PagerAdapter getAdapter()
android.support.v4.view.ViewPager: void setOnAdapterChangeListener(android.support.v4.view.ViewPager$OnAdapterChangeListener)
android.support.v4.view.ViewPager: int getClientWidth()
android.support.v4.view.ViewPager: void setCurrentItem(int)
android.support.v4.view.ViewPager: int getCurrentItem()
android.support.v4.view.ViewPager: void setOnPageChangeListener(android.support.v4.view.ViewPager$OnPageChangeListener)
android.support.v4.view.ViewPager: void setChildrenDrawingOrderEnabledCompat(boolean)
android.support.v4.view.ViewPager: int getOffscreenPageLimit()
android.support.v4.view.ViewPager: void setOffscreenPageLimit(int)
android.support.v4.view.ViewPager: void setPageMargin(int)
android.support.v4.view.ViewPager: int getPageMargin()
android.support.v4.view.ViewPager: void setPageMarginDrawable(android.graphics.drawable.Drawable)
android.support.v4.view.ViewPager: void setPageMarginDrawable(int)
android.support.v4.view.ViewPager: void setScrollingCacheEnabled(boolean)
android.support.v4.view.ViewPager$SavedState
android.support.v4.view.ViewPager$SavedState: android.os.Parcelable$Creator CREATOR