proguard/mapping.txt
com.jezire.App -> com.jezire.App:
    java.lang.String SERVER_URL -> a
    com.jezire.slidemenu.SlideMenu SLIDE_MENU_MAIN -> b
    com.jezire.slidemenu.SlideMenu SLIDE_MENU_VIDEO -> c
    com.jezire.slidemenu.SlideMenu SLIDE_MENU_NOTE -> d
    com.jezire.universalimageloader.ImageLoader IMAGE_LOADER -> e
    com.jezire.fragment.FragmentNote FRAGMENT_NOTE -> f
    com.jezire.fragment.FragmentNoteRight FRAGMENT_NOTE_RIGHT -> g
    com.jezire.fragment.FragmentMain FRAGMENT_MAIN -> h
    com.jezire.fragment.FragmentMenuLeft FRAGMENT_MENU_LEFT -> i
    com.jezire.fragment.FragmentMenuRight FRAGMENT_MENU_RIGHT -> j
    java.util.ArrayList FRAGMENT_LINK_LIST -> k
    com.jezire.fragment.FragmentVideo FRAGMENT_VIDEO -> l
    android.content.Context CONTEXT -> m
    android.content.res.Resources RESOURCES -> n
    android.view.Display DISPLAY -> o
    android.util.DisplayMetrics DISPLAY_METRICS -> p
    android.graphics.Typeface TYPE_FACE_ALKATIP_TOR_TOM -> q
    android.graphics.Typeface TYPE_FACE_SIMPLE_LINE_ICONS -> r
    void onCreate() -> onCreate
    int getPixelFromDp(int) -> a
    android.graphics.Bitmap getRoundedCornerBitmap(android.graphics.Bitmap,int) -> a
    void startLoadingAnimation(android.view.View) -> a
    byte[] getBytesFromBitmap(android.graphics.Bitmap) -> a
com.jezire.App$Preferences -> com.jezire.a:
    android.content.SharedPreferences preferences -> a
    android.content.SharedPreferences$Editor editor -> b
    int getFontSizeFlag() -> a
    void setFontSizeFlag(int) -> a
    int getFontColorFlag() -> b
    void setFontColorFlag(int) -> b
    int getBackgroundColorFlag() -> c
    void setBackgroundColorFlag(int) -> c
    java.lang.String getNotes() -> d
    void setNotes(java.lang.String) -> a
    void setFontSize(int) -> d
    int getFontSize() -> e
    void setThemeDay(boolean) -> a
    boolean getThemeDay() -> f
com.jezire.App$Wechat -> com.jezire.b:
    java.lang.String wechatappid -> a
    com.tencent.mm.sdk.openapi.IWXAPI api -> b
    void Register() -> a
    void HandleIntent(android.content.Intent,com.tencent.mm.sdk.openapi.IWXAPIEventHandler) -> a
    void ShareToWechat(java.lang.String,java.lang.String,java.lang.String,boolean) -> a
    void ShareToWechat(java.lang.String,boolean) -> a
com.jezire.NoteEntry -> com.jezire.c:
    java.lang.String Id -> a
    java.lang.String Title -> b
    java.lang.String Content -> c
com.jezire.R -> com.jezire.d:
com.jezire.R$styleable -> com.jezire.e:
    int[] SlideMenu -> SlideMenu
    int SlideMenu_edgeSlide -> SlideMenu_edgeSlide
    int SlideMenu_edgeSlideWidth -> SlideMenu_edgeSlideWidth
    int SlideMenu_interpolator -> SlideMenu_interpolator
    int SlideMenu_primaryShadowDrawable -> SlideMenu_primaryShadowDrawable
    int SlideMenu_primaryShadowWidth -> SlideMenu_primaryShadowWidth
    int SlideMenu_secondaryShadowDrawable -> SlideMenu_secondaryShadowDrawable
    int SlideMenu_secondaryShadowWidth -> SlideMenu_secondaryShadowWidth
    int SlideMenu_slideDirection -> SlideMenu_slideDirection
    int[] SlideMenu_Layout -> SlideMenu_Layout
    int SlideMenu_Layout_layout_role -> SlideMenu_Layout_layout_role
...
android.support.v4.view.MotionEventCompat -> android.support.v4.view.z:
    android.support.v4.view.MotionEventCompat$MotionEventVersionImpl IMPL -> a
    int getActionMasked(android.view.MotionEvent) -> a
    int getActionIndex(android.view.MotionEvent) -> b
    int findPointerIndex(android.view.MotionEvent,int) -> a
    int getPointerId(android.view.MotionEvent,int) -> b
    float getX(android.view.MotionEvent,int) -> c
    float getY(android.view.MotionEvent,int) -> d
    int getPointerCount(android.view.MotionEvent) -> c
android.support.v4.view.MotionEventCompat$BaseMotionEventVersionImpl -> android.support.v4.view.aa:
    int findPointerIndex(android.view.MotionEvent,int) -> a
    int getPointerId(android.view.MotionEvent,int) -> b
    float getX(android.view.MotionEvent,int) -> c
    float getY(android.view.MotionEvent,int) -> d
    int getPointerCount(android.view.MotionEvent) -> a
android.support.v4.view.MotionEventCompat$EclairMotionEventVersionImpl -> android.support.v4.view.ab:
    int findPointerIndex(android.view.MotionEvent,int) -> a
    int getPointerId(android.view.MotionEvent,int) -> b
    float getX(android.view.MotionEvent,int) -> c
    float getY(android.view.MotionEvent,int) -> d
    int getPointerCount(android.view.MotionEvent) -> a
android.support.v4.view.MotionEventCompat$MotionEventVersionImpl -> android.support.v4.view.ac:
    int findPointerIndex(android.view.MotionEvent,int) -> a
    int getPointerId(android.view.MotionEvent,int) -> b
    float getX(android.view.MotionEvent,int) -> c
    float getY(android.view.MotionEvent,int) -> d
    int getPointerCount(android.view.MotionEvent) -> a
android.support.v4.view.MotionEventCompatEclair -> android.support.v4.view.ad:
    int findPointerIndex(android.view.MotionEvent,int) -> a
    int getPointerId(android.view.MotionEvent,int) -> b
    float getX(android.view.MotionEvent,int) -> c
    float getY(android.view.MotionEvent,int) -> d
    int getPointerCount(android.view.MotionEvent) -> a
android.support.v4.view.PagerAdapter -> android.support.v4.view.ae:
    android.database.DataSetObservable mObservable -> a
    int getCount() -> a
    void startUpdate(android.view.ViewGroup) -> a
    java.lang.Object instantiateItem(android.view.ViewGroup,int) -> a
    void destroyItem(android.view.ViewGroup,int,java.lang.Object) -> a
    void setPrimaryItem(android.view.ViewGroup,int,java.lang.Object) -> b
    void finishUpdate(android.view.ViewGroup) -> b
    void startUpdate(android.view.View) -> a
    java.lang.Object instantiateItem(android.view.View,int) -> a
    void destroyItem(android.view.View,int,java.lang.Object) -> a
    void setPrimaryItem(android.view.View,int,java.lang.Object) -> b
    void finishUpdate(android.view.View) -> b
    boolean isViewFromObject(android.view.View,java.lang.Object) -> a
    android.os.Parcelable saveState() -> b
    void restoreState(android.os.Parcelable,java.lang.ClassLoader) -> a
    int getItemPosition(java.lang.Object) -> a
    void notifyDataSetChanged() -> c
    void registerDataSetObserver(android.database.DataSetObserver) -> a
    void unregisterDataSetObserver(android.database.DataSetObserver) -> b
    float getPageWidth(int) -> a
android.support.v4.view.VelocityTrackerCompat -> android.support.v4.view.af:
    android.support.v4.view.VelocityTrackerCompat$VelocityTrackerVersionImpl IMPL -> a
    float getXVelocity(android.view.VelocityTracker,int) -> a
    float getYVelocity(android.view.VelocityTracker,int) -> b
android.support.v4.view.VelocityTrackerCompat$BaseVelocityTrackerVersionImpl -> android.support.v4.view.ag:
    float getXVelocity(android.view.VelocityTracker,int) -> a
    float getYVelocity(android.view.VelocityTracker,int) -> b
android.support.v4.view.VelocityTrackerCompat$HoneycombVelocityTrackerVersionImpl -> android.support.v4.view.ah:
    float getXVelocity(android.view.VelocityTracker,int) -> a
    float getYVelocity(android.view.VelocityTracker,int) -> b