proguard/usage.txt
com.jezire.App:
    97:97:public static int getPixelFromSp(int)
com.jezire.App$Preferences:
    152:152:public App$Preferences()
com.jezire.App$Wechat:
    216:216:public App$Wechat()
com.jezire.BuildConfig
com.jezire.R:
    10:10:public R()
com.jezire.R$anim
com.jezire.R$attr
com.jezire.R$color
com.jezire.R$drawable
com.jezire.R$id
com.jezire.R$layout
com.jezire.R$string
com.jezire.R$style
com.jezire.R$styleable:
    508:508:public R$styleable()
com.jezire.fragment.FragmentNote:
    181:181:public java.lang.String getCurrentId()
com.jezire.http.AsyncHttpClient:
    public static final java.lang.String VERSION
    public static final int DEFAULT_MAX_CONNECTIONS
    public static final int DEFAULT_SOCKET_TIMEOUT
    public static final int DEFAULT_MAX_RETRIES
    public static final int DEFAULT_RETRY_SLEEP_TIME_MILLIS
    public static final int DEFAULT_SOCKET_BUFFER_SIZE
    public static final java.lang.String HEADER_ACCEPT_ENCODING
    public static final java.lang.String ENCODING_GZIP
    public static final java.lang.String LOG_TAG
    137:138:public AsyncHttpClient(int)
    149:150:public AsyncHttpClient(int,int)
    271:274:public static void allowRetryExceptionClass(java.lang.Class)
    277:280:public static void blockRetryExceptionClass(java.lang.Class)
    290:290:public org.apache.http.client.HttpClient getHttpClient()
    301:301:public org.apache.http.protocol.HttpContext getHttpContext()
    312:313:public void setCookieStore(org.apache.http.client.CookieStore)
    324:325:public void setThreadPool(java.util.concurrent.ThreadPoolExecutor)
    336:342:public void setEnableRedirects(boolean)
    353:354:public void setUserAgent(java.lang.String)
    362:362:public int getMaxConnections()
    372:377:public void setMaxConnections(int)
    386:386:public int getTimeout()
    396:403:public void setTimeout(int)
    414:417:public void setProxy(java.lang.String,int)
    432:436:public void setProxy(java.lang.String,int,java.lang.String,java.lang.String)
com.jezire.http.AsyncHttpClient$3
com.jezire.http.AsyncHttpRequest:
    173:177:public boolean cancel(boolean)
com.jezire.http.AsyncHttpResponseHandler:
    private static final java.lang.String LOG_TAG
    protected static final int SUCCESS_MESSAGE
    protected static final int FAILURE_MESSAGE
    protected static final int START_MESSAGE
    protected static final int FINISH_MESSAGE
    protected static final int PROGRESS_MESSAGE
    protected static final int RETRY_MESSAGE
    protected static final int CANCEL_MESSAGE
    protected static final int BUFFER_SIZE
    public static final java.lang.String DEFAULT_CHARSET
    115:115:public java.net.URI getRequestURI()
    120:120:public org.apache.http.Header[] getRequestHeaders()
    156:157:public void setUseSynchronousMode(boolean)
    169:170:public void setCharset(java.lang.String)
    173:173:public java.lang.String getCharset()
com.jezire.http.Base64
com.jezire.http.Base64$Coder
com.jezire.http.Base64$Decoder
com.jezire.http.Base64$Encoder
com.jezire.http.Base64DataException
com.jezire.http.Base64OutputStream
com.jezire.http.BaseJsonHttpResponseHandler
com.jezire.http.BaseJsonHttpResponseHandler$1
com.jezire.http.BaseJsonHttpResponseHandler$1$1
com.jezire.http.BaseJsonHttpResponseHandler$1$2
com.jezire.http.BaseJsonHttpResponseHandler$2
com.jezire.http.BaseJsonHttpResponseHandler$2$1
com.jezire.http.BaseJsonHttpResponseHandler$2$2
com.jezire.http.BinaryHttpResponseHandler
com.jezire.http.DataAsyncHttpResponseHandler
com.jezire.http.FileAsyncHttpResponseHandler
com.jezire.http.JsonHttpResponseHandler
com.jezire.http.JsonHttpResponseHandler$1
com.jezire.http.JsonHttpResponseHandler$1$1
com.jezire.http.JsonHttpResponseHandler$1$2
com.jezire.http.JsonHttpResponseHandler$2
com.jezire.http.JsonHttpResponseHandler$2$1
com.jezire.http.JsonHttpResponseHandler$2$2
com.jezire.http.JsonStreamerEntity
...
android.support.v4.view.PagerTabStrip$2
android.support.v4.view.PagerTitleStrip
android.support.v4.view.PagerTitleStrip$1
android.support.v4.view.PagerTitleStrip$PageListener
android.support.v4.view.PagerTitleStrip$PagerTitleStripImpl
android.support.v4.view.PagerTitleStrip$PagerTitleStripImplBase
android.support.v4.view.PagerTitleStrip$PagerTitleStripImplIcs
android.support.v4.view.PagerTitleStripIcs
android.support.v4.view.PagerTitleStripIcs$SingleLineAllCapsTransform
android.support.v4.view.ScaleGestureDetectorCompat
android.support.v4.view.ScaleGestureDetectorCompat$1
android.support.v4.view.ScaleGestureDetectorCompat$BaseScaleGestureDetectorImpl
android.support.v4.view.ScaleGestureDetectorCompat$ScaleGestureDetectorCompatKitKatImpl
android.support.v4.view.ScaleGestureDetectorCompat$ScaleGestureDetectorImpl
android.support.v4.view.ScaleGestureDetectorCompatKitKat
android.support.v4.view.VelocityTrackerCompat:
    25:51:public VelocityTrackerCompat()
android.support.v4.view.VelocityTrackerCompatHoneycomb:
    24:24:VelocityTrackerCompatHoneycomb()
android.support.v4.view.ViewCompat:
    public static final int OVER_SCROLL_ALWAYS
    public static final int OVER_SCROLL_IF_CONTENT_SCROLLS
    public static final int OVER_SCROLL_NEVER
    private static final long FAKE_FRAME_TIME
    public static final int IMPORTANT_FOR_ACCESSIBILITY_AUTO
    public static final int IMPORTANT_FOR_ACCESSIBILITY_YES
    public static final int IMPORTANT_FOR_ACCESSIBILITY_NO
    public static final int IMPORTANT_FOR_ACCESSIBILITY_NO_HIDE_DESCENDANTS
    public static final int ACCESSIBILITY_LIVE_REGION_NONE
    public static final int ACCESSIBILITY_LIVE_REGION_POLITE
    public static final int ACCESSIBILITY_LIVE_REGION_ASSERTIVE
    public static final int LAYER_TYPE_NONE
    public static final int LAYER_TYPE_SOFTWARE
    public static final int LAYER_TYPE_HARDWARE
    public static final int LAYOUT_DIRECTION_LTR
    public static final int LAYOUT_DIRECTION_RTL
    public static final int LAYOUT_DIRECTION_INHERIT
    public static final int LAYOUT_DIRECTION_LOCALE
    public static final int MEASURED_SIZE_MASK
    public static final int MEASURED_STATE_MASK
    public static final int MEASURED_HEIGHT_STATE_SHIFT
    public static final int MEASURED_STATE_TOO_SMALL
    34:534:public ViewCompat()
    585:585:public static boolean canScrollVertically(android.view.View,int)
    614:615:public static void setOverScrollMode(android.view.View,int)
android.support.v4.view.ViewCompat$BaseViewCompatImpl:
    239:239:public boolean canScrollVertically(android.view.View,int)
    246:246:public void setOverScrollMode(android.view.View,int)
    252:252:public void onPopulateAccessibilityEvent(android.view.View,android.view.accessibility.AccessibilityEvent)
    255:255:public void onInitializeAccessibilityEvent(android.view.View,android.view.accessibility.AccessibilityEvent)
    258:258:public void onInitializeAccessibilityNodeInfo(android.view.View,android.support.v4.view.accessibility.AccessibilityNodeInfoCompat)
    261:261:public boolean hasTransientState(android.view.View)
    265:265:public void setHasTransientState(android.view.View,boolean)
    276:277:public void postOnAnimationDelayed(android.view.View,java.lang.Runnable,long)
    288:288:public boolean performAccessibilityAction(android.view.View,int,android.os.Bundle)
    291:291:public android.support.v4.view.accessibility.AccessibilityNodeProviderCompat getAccessibilityNodeProvider(android.view.View)
    294:294:public float getAlpha(android.view.View)
    303:303:public int getLabelFor(android.view.View)
    307:307:public void setLabelFor(android.view.View,int)
    320:320:public void setLayoutDirection(android.view.View,int)
    324:324:public android.view.ViewParent getParentForAccessibility(android.view.View)
    337:337:public int resolveSizeAndState(int,int,int)
    342:342:public int getMeasuredWidthAndState(android.view.View)